
ROM used:   3063/16384 (19%)
            3693/16384 (23%) including unused fragments

            0.5 Average locations per line
            3.5 Average locations per statement

RAM used:   183/1024 (18%) at main() level
            216/1024 (21%) worst case

Stack used: 4 worst case (2 in main + 2 for interrupts)
Stack size: 16

Lines Stmts  %   Files
----- ----- ---  -----
  575   256  29  main.c
   26     0   0  main.h
 1015     0   0  C:\Program Files\PICC\Devices\16F1939.h
  423     0   0  C:\Program Files\PICC\Drivers\string.h
   32     0   0  C:\Program Files\PICC\Drivers\stddef.h
   28     0   0  C:\Program Files\PICC\Drivers\ctype.h
 2229   257  29  C:\Program Files\PICC\Drivers\math.h
   37     0   0  C:\Program Files\PICC\Drivers\stdio.h
 1351   359  41  C:\Program Files\PICC\Drivers\stdlib.h
----- -----
 5716   872 Total

Page ROM  %  RAM   Vol Diff  Functions:
---- --- --- ---   --- ----  ----------
0     65   2    5   231  6.6  strcmp
0     39   1    5             @DIV1616
0     23   1    5             @MUL1616
0      6   0    0             @PUTCHARI_BIU_1
0    236   8    2   587  5.2  ISR_Timer_2
0     88   3    2   727  7.0  ISR_Receive_UART
0      4   0    0             @const1132
0     82   3    3             @PSTRINGC7_9600_118_119
0      4   0    0             @const1134
0      4   0    0             @const1135
0    150   5    8  1376  5.6  char_hex_to_dec
0     26   1    0             @goto12322
0      8   0    0             @goto12331
0     62   2    2   396  3.7  Clear_Buffers
0    108   4    1   396  3.7  Print_Buffers
1   1646  54    4  6527 11.1  MAIN
0      4   0    0             @const1154
0      3   0    0             @const1155
0     24   1    2             @PSTRINGR_9600_118_119
0      9   0    0             @const1158
0     92   3    4             @PSTRINGCN7_9600_118_119
0     42   1    2             @PRINTF_X_9600_118_119
0      3   0    0             @const1164
0      9   0    0             @const1165
0      3   0    0             @const1167
0      4   0    0             @const1168
0     20   1    0             @const1169
0      3   0    0             @const1170
0      9   0    0             @const1171
0      9   0    0             @const1172
0      9   0    0             @const1173
0      9   0    0             @const1174
0      4   0    0             @const1175
0      4   0    0             @const1177
0      3   0    0             @const1178
0      4   0    0             @const1179
0      8   0    0             @const1180
0     10   0    0             @const1181
0      3   0    0             @const1182
0     12   0    0             @const1183
0     23   1    0             @const1184
0     28   1    0             @const1185
0     31   1    0             @const1186
0     25   1    0             @const1187
0     21   1    0             @const1188
0      3   0    0             @const1189
0      4   0    0             @const1190
0      4   0    0             @const1191
 Inline         0             @cinit1

Program metrics:
    Functions               7
    Statements              872
    Comments                1087
    Volume (V)              13313
    Difficulty (D)          41.5
    Effort to implement (E) 552483
    Time to implement (T)   8 hours, 32 minutes
    Est Delivered Bugs (B)  2
    Cyclomatic Complexity   67
    Maintainability (MI)    73

 Segment     Used  Free
-----------  ----  ----
00000-00002     3  0  
00003-00003     0  1  
00004-00049    70  0  
0004A-007FF  1344  630  
00800-00FFF  1646  402  
01000-017FF     0  2048  
01800-01FFF     0  2048  
02000-027FF     0  2048  
02800-02FFF     0  2048  
03000-037FF     0  2048  
03800-03FFF     0  2048  



